<?xml version="1.0" encoding="UTF-8"?>

<beans xmlns="http://www.springframework.org/schema/beans"
       xmlns:xsi="http://www.w3.org/2001/XMLSchema-instance"
       xmlns:jdbc="http://www.springframework.org/schema/jdbc"
       xsi:schemaLocation="http://www.springframework.org/schema/beans
                 http://www.springframework.org/schema/beans/spring-beans-2.0.xsd
                   http://www.springframework.org/schema/jdbc http://www.springframework.org/schema/jdbc/spring-jdbc.xsd">

    <jdbc:embedded-database id="schema" type="HSQL" >
        <jdbc:script location="classpath:db/testSchema.sql" />
        <jdbc:script location="classpath:db/testData.sql"/>
    </jdbc:embedded-database>

    <bean id="propertyConfigurer"
          class="org.springframework.beans.factory.config.PropertyPlaceholderConfigurer">
        <property name="location" value="dbTest.properties" />
    </bean>

    <!--<bean id="txMgr"-->
          <!--class="org.springframework.jdbc.datasource.DataSourceTransactionManager">-->
        <!--<property name="dataSource" ref="schema"/>-->
    <!--</bean>-->

    <bean id="template"
          class="org.springframework.jdbc.core.JdbcTemplate">
        <constructor-arg ref="schema"/>
    </bean>


</beans>
