<?xml version="1.0" encoding="UTF-8"?>
<beans:beans xmlns="http://www.springframework.org/schema/mvc"
             xmlns:xsi="http://www.w3.org/2001/XMLSchema-instance"
             xmlns:beans="http://www.springframework.org/schema/beans"
             xmlns:context="http://www.springframework.org/schema/context"
             xsi:schemaLocation="http://www.springframework.org/schema/mvc http://www.springframework.org/schema/mvc/spring-mvc.xsd
		http://www.springframework.org/schema/beans http://www.springframework.org/schema/beans/spring-beans.xsd
		http://www.springframework.org/schema/context http://www.springframework.org/schema/context/spring-context.xsd">

    <!-- Enables the Spring MVC @Controller programming model -->
    <annotation-driven />
    <context:component-scan base-package="com.expert_soft" />
    <!-- Handles HTTP GET requests for /resources/** by efficiently serving up static resources in the ${webappRoot}/resources directory -->
    <resources mapping="/resources/**" location="/resources/" />

    <!-- Resolves views selected for rendering by @Controllers to .jsp resources in the /WEB-INF/views directory -->
    <beans:bean class="org.springframework.web.servlet.view.InternalResourceViewResolver">
        <beans:property name="viewClass" value="org.springframework.web.servlet.view.JstlView"/>
        <beans:property name="prefix" value="/WEB-INF/views/" />
        <beans:property name="suffix" value=".jsp" />
    </beans:bean>

    <!--<beans:bean class="org.springframework.web.servlet.mvc.method.annotation.RequestMappingHandlerAdapter">-->
        <!--<beans:property name="messageConverters">-->
            <!--<beans:list>-->
                <!--<beans:ref bean="jsonMessageConverter"/>-->
                <!--<beans:ref bean="xmlMessageConverter"/>-->
            <!--</beans:list>-->
        <!--</beans:property>-->
    <!--</beans:bean>-->

    <!--&lt;!&ndash; Configure bean to convert JSON to POJO and vice versa &ndash;&gt;-->
    <!--<beans:bean id="jsonMessageConverter"-->
                <!--class="org.springframework.http.converter.json.MappingJackson2HttpMessageConverter">-->
    <!--</beans:bean>-->

    <!--<beans:bean id="xmlMessageConverter"-->
                <!--class="org.springframework.http.converter.xml.Jaxb2RootElementHttpMessageConverter">-->
    <!--</beans:bean>-->


    <!--<bean class="org.springframework.web.servlet.mvc.annotation.AnnotationMethodHandlerAdapter">-->
    <!--<property name="messageConverters">-->
    <!--<util:list id="beanList">-->
    <!--<ref bean="stringHttpMessageConverter"/>-->
    <!--<ref bean="marshallingHttpMessageConverter"/>-->
    <!--</util:list>-->
    <!--</property-->
    <!--</bean>-->

    <!--<bean id="stringHttpMessageConverter"-->
    <!--class="org.springframework.http.converter.StringHttpMessageConverter"/>-->

    <!--<bean id="marshallingHttpMessageConverter"-->
    <!--class="org.springframework.http.converter.xml.MarshallingHttpMessageConverter">-->
    <!--<property name="marshaller" ref="castorMarshaller" />-->
    <!--<property name="unmarshaller" ref="castorMarshaller" />-->
    <!--</bean>-->

    <!--<bean id="castorMarshaller" class="org.springframework.oxm.castor.CastorMarshaller"/>-->

</beans:beans>
