<?xml version="1.0" encoding="UTF-8"?>
<beans xmlns="http://www.springframework.org/schema/beans"
			 xmlns:xsi="http://www.w3.org/2001/XMLSchema-instance" xmlns:mvc="http://www.springframework.org/schema/mvc"
			 xmlns:context="http://www.springframework.org/schema/context"
			 xsi:schemaLocation="http://www.springframework.org/schema/beans http://www.springframework.org/schema/beans/spring-beans.xsd http://www.springframework.org/schema/mvc http://www.springframework.org/schema/mvc/spring-mvc.xsd http://www.springframework.org/schema/context http://www.springframework.org/schema/context/spring-context.xsd">

	<!--<import  resource="classpath:dataSource-context.xml" />-->
	<!--<import  resource="classpath:persistence-context.xml" />-->
	<!--<import  resource="classpath:service-context.xml" />-->
	<import  resource="classpath:core-root-context.xml" />

	<mvc:annotation-driven/>
	<context:component-scan base-package="com.expert_soft" />

	<bean id="messageSource"
				class="org.springframework.context.support.ReloadableResourceBundleMessageSource">
		<property name="basename" value="messages" />
		<property name="defaultEncoding" value="UTF-8"/>
	</bean>

	<bean id="localeChangeInterceptor"
				class="org.springframework.web.servlet.i18n.LocaleChangeInterceptor">
		<property name="paramName" value="lang" />
	</bean>

	<bean id="localeResolver"
				class="org.springframework.web.servlet.i18n.CookieLocaleResolver">
		<property name="defaultLocale" value="en"/>
	</bean>

	<bean id="handlerMapping"
				class="org.springframework.web.servlet.mvc.method.annotation.RequestMappingHandlerMapping">
		<property name="interceptors" ref="localeChangeInterceptor"/>
	</bean>

	<mvc:interceptors>
		<bean class="org.springframework.web.servlet.i18n.LocaleChangeInterceptor">
			<property name="paramName" value="lang" />
		</bean>
	</mvc:interceptors>



</beans>
