<?xml version="1.0" encoding="UTF-8"?>

<beans xmlns="http://www.springframework.org/schema/beans"
       xmlns:xsi="http://www.w3.org/2001/XMLSchema-instance"
       xmlns:jdbc="http://www.springframework.org/schema/jdbc" xmlns:p="http://www.springframework.org/schema/p"
       xsi:schemaLocation="http://www.springframework.org/schema/beans
                 http://www.springframework.org/schema/beans/spring-beans-2.0.xsd
                 http://www.springframework.org/schema/jdbc
                 http://www.springframework.org/schema/jdbc/spring-jdbc-3.0.xsd">

    <!--<jdbc:embedded-database id="dataSource" type="HSQL">-->
    <!--<jdbc:script location="classpath:schema.sql"/>-->
    <!--</jdbc:embedded-database>-->


    <bean id="txMgr"
          class="org.springframework.jdbc.datasource.DataSourceTransactionManager">
        <property name="dataSource" ref="dataSource" />
    </bean>

    <bean id="jdbcTemplate"
          class="org.springframework.jdbc.core.JdbcTemplate">
        <constructor-arg ref="dataSource" />
    </bean>


    <!--beans in to check-->
    <bean id="phoneDaoImplTest_getPhone"
          class="com.expert_soft.model.Phone" scope="prototype">
        <property name="key" value="1"/>
        <property name="model" value="fly"/>
        <property name="price" value="111111"/>
    </bean>

    <bean id="phoneDaoImplTest_savePhone"
          class="com.expert_soft.model.Phone" scope="prototype">
        <property name="model" value="theBestPhone"/>
        <property name="price" value="1000000"/>
    </bean>

    <!--orderDaoTest-->

    <bean id="orderItem_firstClient" class="com.expert_soft.model.OrderItem" scope="prototype">
        <property name="phone" ref="phoneDaoImplTest_getPhone"/>
        <property name="quantity" value="1"/>
        <property name="key" value="1"/>
    </bean>


    <!--(1, 10, 'klara', 'karlovna', 'karlovy vary', '+375 29 111 77 77'),-->
    <bean id="orderDaoImplTest_getOrder_1"
          class="com.expert_soft.model.Order" scope="prototype">
        <property name="key" value="1"/>
        <property name="firstName" value="klara"/>
        <property name="lastName" value="karlovna"/>
        <property name="deliveryPrice" value="10"/>
        <property name="deliveryAddress" value="karlovy vary"/>
        <property name="contactPhoneNo" value="+375 29 111 77 77"/>
        <property name="orderItems">
            <list value-type="com.expert_soft.model.OrderItem">
                <ref bean="orderItem_firstClient"/>
            </list>
        </property>

    </bean>


    <bean id="phone_2"
          class="com.expert_soft.model.Phone" scope="prototype">
        <property name="key" value="2"/>
        <property name="model" value="samsung"/>
        <property name="price" value="222222"/>
    </bean>


    <bean id="orderItem_secondClient_1" class="com.expert_soft.model.OrderItem" scope="prototype">
        <property name="phone" ref="phoneDaoImplTest_getPhone"/>
        <property name="quantity" value="1"/>
        <property name="key" value="1"/>
    </bean>

    <bean id="orderItem_secondClient_2" class="com.expert_soft.model.OrderItem" scope="prototype">
        <property name="phone" ref="phoneDaoImplTest_getPhone"/>
        <property name="quantity" value="1"/>
        <property name="key" value="1"/>
    </bean>


    <!--(2, 20, 'kenny', 'poor', 'south park', '+375 29 222 77 77'),-->

    <bean id="orderDaoImplTest_getOrder_2"
          class="com.expert_soft.model.Order"
          scope="prototype">
        <property name="key" value="2"/>
        <property name="firstName" value="kenny"/>
        <property name="lastName" value="poor"/>
        <property name="deliveryPrice" value="20"/>
        <property name="deliveryAddress" value="south park"/>
        <property name="contactPhoneNo" value="+375 29 222 77 77"/>
        <property name="orderItems">
            <list value-type="com.expert_soft.model.OrderItem">
                <ref bean="orderItem_secondClient_1"/>
                <ref bean="orderItem_secondClient_2"/>
            </list>
        </property>

    </bean>


    <!--<bean id="orderDaoImplTest_saveOrder"-->
    <!--class="com.expert_soft.model.Order">-->
    <!--<property name="key" value="1"/>-->
    <!--<property name="model" value="fly"/>-->
    <!--<property name="price" value="111111"/>-->
    <!--</bean>-->




</beans>
