<?xml version="1.0" encoding="UTF-8"?>

<beans xmlns="http://www.springframework.org/schema/beans"
       xmlns:xsi="http://www.w3.org/2001/XMLSchema-instance"
       xmlns:jdbc="http://www.springframework.org/schema/jdbc" xmlns:p="http://www.springframework.org/schema/p"
       xsi:schemaLocation="http://www.springframework.org/schema/beans
                 http://www.springframework.org/schema/beans/spring-beans-2.0.xsd
                 http://www.springframework.org/schema/jdbc
                 http://www.springframework.org/schema/jdbc/spring-jdbc-3.0.xsd">

    <!--<jdbc:embedded-database id="dataSource" type="HSQL">-->
    <!--<jdbc:script location="classpath:schema.sql"/>-->
    <!--</jdbc:embedded-database>-->


    <bean id="txMgr"
          class="org.springframework.jdbc.datasource.DataSourceTransactionManager">
        <property name="dataSource" ref="dataSource" />
    </bean>

    <!-- <start id="bean.jdbcTemplate" /> -->
    <bean id="jdbcTemplate"
          class="org.springframework.jdbc.core.JdbcTemplate">
        <constructor-arg ref="dataSource" />
    </bean>

    <bean id="PhoneDaoImplTest_getPhone"
          class="com.expert_soft.model.Phone">
        <property name="key" value="1"/>
        <property name="model" value="fly"/>
        <property name="price" value="111111"/>
    </bean>
    <!-- <end id="bean.jdbcTemplate" /> -->
</beans>
